<?xml version="1.0" encoding="UTF-8"?>
<!-- Generated by org.testng.reporters.JUnitReportReporter -->
<testsuite hostname="AUTOMATIONTEST" failures="0" tests="28" name="testRunner.RunnerTestEndorsement" time="15502.443" errors="1" timestamp="2026-08-05T23:26:18 GMT+03:00" skipped="0">
  <testcase classname="testRunner.RunnerTestEndorsement" name="runScenario" time="2239.946"/>
  <testcase classname="testRunner.RunnerTestEndorsement" name="runScenario" time="600.486"/>
  <testcase classname="testRunner.RunnerTestEndorsement" name="runScenario" time="67.370">
    <error message="The step &#039;user enter &quot;Tester Testing Beneficiary 1&quot; as name of beneficiary (For Beneficiary one)&#039; and 6 other step(s) are undefined.
You can implement these steps using the snippet(s) below:

@When(&quot;user enter {string} as name of beneficiary \\(For Beneficiary one)&quot;)
public void user_enter_as_name_of_beneficiary_for_beneficiary_one(String string) {
    // Write code here that turns the phrase above into concrete actions
    throw new io.cucumber.java.PendingException();
}
@When(&quot;user enter {string} as date of birth \\(For Beneficiary one)&quot;)
public void user_enter_as_date_of_birth_for_beneficiary_one(String string) {
    // Write code here that turns the phrase above into concrete actions
    throw new io.cucumber.java.PendingException();
}
@When(&quot;user select {string} as gender \\(For Beneficiary one)&quot;)
public void user_select_as_gender_for_beneficiary_one(String string) {
    // Write code here that turns the phrase above into concrete actions
    throw new io.cucumber.java.PendingException();
}
@When(&quot;user select {string} as relationship to owner \\(For Beneficiary one)&quot;)
public void user_select_as_relationship_to_owner_for_beneficiary_one(String string) {
    // Write code here that turns the phrase above into concrete actions
    throw new io.cucumber.java.PendingException();
}
@When(&quot;user enter {string} as telephone \\(For Beneficiary one)&quot;)
public void user_enter_as_telephone_for_beneficiary_one(String string) {
    // Write code here that turns the phrase above into concrete actions
    throw new io.cucumber.java.PendingException();
}
@When(&quot;user enter {string} as percent of life benefit given \\(For Beneficiary one)&quot;)
public void user_enter_as_percent_of_life_benefit_given_for_beneficiary_one(String string) {
    // Write code here that turns the phrase above into concrete actions
    throw new io.cucumber.java.PendingException();
}
@When(&quot;user enter {string} as address \\(For Beneficiary one)&quot;)
public void user_enter_as_address_for_beneficiary_one(String string) {
    // Write code here that turns the phrase above into concrete actions
    throw new io.cucumber.java.PendingException();
}
" type="io.cucumber.testng.UndefinedStepException">
      <![CDATA[io.cucumber.testng.UndefinedStepException: The step 'user enter "Tester Testing Beneficiary 1" as name of beneficiary (For Beneficiary one)' and 6 other step(s) are undefined.
You can implement these steps using the snippet(s) below:

@When("user enter {string} as name of beneficiary \\(For Beneficiary one)")
public void user_enter_as_name_of_beneficiary_for_beneficiary_one(String string) {
    // Write code here that turns the phrase above into concrete actions
    throw new io.cucumber.java.PendingException();
}
@When("user enter {string} as date of birth \\(For Beneficiary one)")
public void user_enter_as_date_of_birth_for_beneficiary_one(String string) {
    // Write code here that turns the phrase above into concrete actions
    throw new io.cucumber.java.PendingException();
}
@When("user select {string} as gender \\(For Beneficiary one)")
public void user_select_as_gender_for_beneficiary_one(String string) {
    // Write code here that turns the phrase above into concrete actions
    throw new io.cucumber.java.PendingException();
}
@When("user select {string} as relationship to owner \\(For Beneficiary one)")
public void user_select_as_relationship_to_owner_for_beneficiary_one(String string) {
    // Write code here that turns the phrase above into concrete actions
    throw new io.cucumber.java.PendingException();
}
@When("user enter {string} as telephone \\(For Beneficiary one)")
public void user_enter_as_telephone_for_beneficiary_one(String string) {
    // Write code here that turns the phrase above into concrete actions
    throw new io.cucumber.java.PendingException();
}
@When("user enter {string} as percent of life benefit given \\(For Beneficiary one)")
public void user_enter_as_percent_of_life_benefit_given_for_beneficiary_one(String string) {
    // Write code here that turns the phrase above into concrete actions
    throw new io.cucumber.java.PendingException();
}
@When("user enter {string} as address \\(For Beneficiary one)")
public void user_enter_as_address_for_beneficiary_one(String string) {
    // Write code here that turns the phrase above into concrete actions
    throw new io.cucumber.java.PendingException();
}

at io.cucumber.core.runtime.TestCaseResultObserver.assertTestCasePassed(TestCaseResultObserver.java:69)
at io.cucumber.testng.TestCaseResultObserver.assertTestCasePassed(TestCaseResultObserver.java:23)
at io.cucumber.testng.TestNGCucumberRunner.lambda$runScenario$1(TestNGCucumberRunner.java:133)
at io.cucumber.core.runtime.CucumberExecutionContext.lambda$runTestCase$5(CucumberExecutionContext.java:129)
at io.cucumber.core.runtime.RethrowingThrowableCollector.executeAndThrow(RethrowingThrowableCollector.java:23)
at io.cucumber.core.runtime.CucumberExecutionContext.runTestCase(CucumberExecutionContext.java:129)
at io.cucumber.testng.TestNGCucumberRunner.runScenario(TestNGCucumberRunner.java:129)
at io.cucumber.testng.AbstractTestNGCucumberTests.runScenario(AbstractTestNGCucumberTests.java:35)
at jdk.internal.reflect.GeneratedMethodAccessor132.invoke(Unknown Source)
at java.base/jdk.internal.reflect.DelegatingMethodAccessorImpl.invoke(DelegatingMethodAccessorImpl.java:43)
at java.base/java.lang.reflect.Method.invoke(Method.java:568)
at org.testng.internal.invokers.MethodInvocationHelper.invokeMethod(MethodInvocationHelper.java:139)
at org.testng.internal.invokers.TestInvoker.invokeMethod(TestInvoker.java:664)
at org.testng.internal.invokers.TestInvoker.invokeTestMethod(TestInvoker.java:228)
at org.testng.internal.invokers.TestMethodWithDataProviderMethodWorker.call(TestMethodWithDataProviderMethodWorker.java:80)
at java.base/java.util.concurrent.CompletableFuture$AsyncSupply.run(CompletableFuture.java:1768)
at java.base/java.util.concurrent.ThreadPoolExecutor.runWorker(ThreadPoolExecutor.java:1136)
at java.base/java.util.concurrent.ThreadPoolExecutor$Worker.run(ThreadPoolExecutor.java:635)
at java.base/java.lang.Thread.run(Thread.java:840)
]]>
    </error>
  </testcase> <!-- runScenario -->
  <testcase classname="testRunner.RunnerTestEndorsement" name="runScenario" time="306.539"/>
  <testcase classname="testRunner.RunnerTestEndorsement" name="runScenario" time="332.247"/>
  <testcase classname="testRunner.RunnerTestEndorsement" name="runScenario" time="543.512"/>
  <testcase classname="testRunner.RunnerTestEndorsement" name="runScenario" time="301.941"/>
  <testcase classname="testRunner.RunnerTestEndorsement" name="runScenario" time="1161.235"/>
  <testcase classname="testRunner.RunnerTestEndorsement" name="runScenario" time="1506.334"/>
  <testcase classname="testRunner.RunnerTestEndorsement" name="runScenario" time="324.567"/>
  <testcase classname="testRunner.RunnerTestEndorsement" name="runScenario" time="300.866"/>
  <testcase classname="testRunner.RunnerTestEndorsement" name="runScenario" time="321.753"/>
  <testcase classname="testRunner.RunnerTestEndorsement" name="runScenario" time="539.515"/>
  <testcase classname="testRunner.RunnerTestEndorsement" name="runScenario" time="303.663"/>
  <testcase classname="testRunner.RunnerTestEndorsement" name="runScenario" time="579.998"/>
  <testcase classname="testRunner.RunnerTestEndorsement" name="runScenario" time="551.501"/>
  <testcase classname="testRunner.RunnerTestEndorsement" name="runScenario" time="1504.382"/>
  <testcase classname="testRunner.RunnerTestEndorsement" name="runScenario" time="417.457"/>
  <testcase classname="testRunner.RunnerTestEndorsement" name="runScenario" time="308.277"/>
  <testcase classname="testRunner.RunnerTestEndorsement" name="runScenario" time="321.671"/>
  <testcase classname="testRunner.RunnerTestEndorsement" name="runScenario" time="303.245"/>
  <testcase classname="testRunner.RunnerTestEndorsement" name="runScenario" time="307.884"/>
  <testcase classname="testRunner.RunnerTestEndorsement" name="runScenario" time="167.853"/>
  <testcase classname="testRunner.RunnerTestEndorsement" name="runScenario" time="302.461"/>
  <testcase classname="testRunner.RunnerTestEndorsement" name="runScenario" time="331.328"/>
  <testcase classname="testRunner.RunnerTestEndorsement" name="runScenario" time="318.944"/>
  <testcase classname="testRunner.RunnerTestEndorsement" name="runScenario" time="312.876"/>
  <testcase classname="testRunner.RunnerTestEndorsement" name="runScenario" time="924.592"/>
</testsuite> <!-- testRunner.RunnerTestEndorsement -->
