# JRE version: OpenJDK Runtime Environment Temurin-17.0.10+7 (17.0.10+7) (build 17.0.10+7)
# Java VM: OpenJDK 64-Bit Server VM Temurin-17.0.10+7 (17.0.10+7, mixed mode, tiered, compressed oops, compressed class ptrs, g1 gc, windows-amd64)
GC Precious Log:
 CPUs: 4 total, 4 available
 Memory: 7999M
 Large Page Support: Disabled
 NUMA Support: Disabled
 Compressed Oops: Enabled (32-bit)
 Heap Region Size: 1M
 Heap Min Capacity: 8M
 Heap Initial Capacity: 126M
 Heap Max Capacity: 2000M
 Pre-touch: Disabled
 Parallel Workers: 4
 Concurrent Workers: 1
 Concurrent Refinement Workers: 4
 Periodic GC: Disabled
Heap:
 garbage-first heap   total 49152K, used 23112K [0x0000000083000000, 0x0000000100000000)
  region size 1024K, 6 young (6144K), 3 survivors (3072K)
 Metaspace       used 52090K, committed 52608K, reserved 1114112K
  class space    used 6291K, committed 6528K, reserved 1048576K
GC Heap History (20 events):
Event: 1.910 GC heap before
{Heap before GC invocations=2 (full 0):
 garbage-first heap   total 129024K, used 28942K [0x0000000083000000, 0x0000000100000000)
  region size 1024K, 23 young (23552K), 1 survivors (1024K)
 Metaspace       used 21303K, committed 21504K, reserved 1114112K
  class space    used 2200K, committed 2304K, reserved 1048576K
}
Event: 1.916 GC heap after
{Heap after GC invocations=3 (full 0):
 garbage-first heap   total 129024K, used 10829K [0x0000000083000000, 0x0000000100000000)
  region size 1024K, 3 young (3072K), 3 survivors (3072K)
 Metaspace       used 21303K, committed 21504K, reserved 1114112K
  class space    used 2200K, committed 2304K, reserved 1048576K
}
Event: 2.399 GC heap before
{Heap before GC invocations=4 (full 0):
 garbage-first heap   total 40960K, used 29261K [0x0000000083000000, 0x0000000100000000)
  region size 1024K, 22 young (22528K), 3 survivors (3072K)
 Metaspace       used 25790K, committed 26112K, reserved 1114112K
  class space    used 2781K, committed 2944K, reserved 1048576K
}
Event: 2.417 GC heap after
{Heap after GC invocations=5 (full 0):
 garbage-first heap   total 40960K, used 11540K [0x0000000083000000, 0x0000000100000000)
  region size 1024K, 1 young (1024K), 1 survivors (1024K)
 Metaspace       used 25790K, committed 26112K, reserved 1114112K
  class space    used 2781K, committed 2944K, reserved 1048576K
}
Event: 2.773 GC heap before
{Heap before GC invocations=5 (full 0):
 garbage-first heap   total 40960K, used 23828K [0x0000000083000000, 0x0000000100000000)
  region size 1024K, 14 young (14336K), 1 survivors (1024K)
 Metaspace       used 28963K, committed 29312K, reserved 1114112K
  class space    used 3143K, committed 3264K, reserved 1048576K
}
Event: 2.776 GC heap after
{Heap after GC invocations=6 (full 0):
 garbage-first heap   total 40960K, used 11977K [0x0000000083000000, 0x0000000100000000)
  region size 1024K, 2 young (2048K), 2 survivors (2048K)
 Metaspace       used 28963K, committed 29312K, reserved 1114112K
  class space    used 3143K, committed 3264K, reserved 1048576K
}
Event: 3.138 GC heap before
{Heap before GC invocations=6 (full 0):
 garbage-first heap   total 40960K, used 25289K [0x0000000083000000, 0x0000000100000000)
  region size 1024K, 16 young (16384K), 2 survivors (2048K)
 Metaspace       used 31521K, committed 31936K, reserved 1114112K
  class space    used 3493K, committed 3712K, reserved 1048576K
}
Event: 3.142 GC heap after
{Heap after GC invocations=7 (full 0):
 garbage-first heap   total 40960K, used 12846K [0x0000000083000000, 0x0000000100000000)
  region size 1024K, 2 young (2048K), 2 survivors (2048K)
 Metaspace       used 31521K, committed 31936K, reserved 1114112K
  class space    used 3493K, committed 3712K, reserved 1048576K
}
Event: 3.653 GC heap before
{Heap before GC invocations=7 (full 0):
 garbage-first heap   total 40960K, used 26158K [0x0000000083000000, 0x0000000100000000)
  region size 1024K, 16 young (16384K), 2 survivors (2048K)
 Metaspace       used 35434K, committed 35776K, reserved 1114112K
  class space    used 3918K, committed 4096K, reserved 1048576K
}
Event: 3.659 GC heap after
{Heap after GC invocations=8 (full 0):
 garbage-first heap   total 49152K, used 14062K [0x0000000083000000, 0x0000000100000000)
  region size 1024K, 2 young (2048K), 2 survivors (2048K)
 Metaspace       used 35434K, committed 35776K, reserved 1114112K
  class space    used 3918K, committed 4096K, reserved 1048576K
}
Event: 3.720 GC heap before
{Heap before GC invocations=8 (full 0):
 garbage-first heap   total 49152K, used 15086K [0x0000000083000000, 0x0000000100000000)
  region size 1024K, 4 young (4096K), 2 survivors (2048K)
 Metaspace       used 35959K, committed 36288K, reserved 1114112K
  class space    used 3992K, committed 4160K, reserved 1048576K
}
Event: 3.726 GC heap after
{Heap after GC invocations=9 (full 0):
 garbage-first heap   total 49152K, used 14378K [0x0000000083000000, 0x0000000100000000)
  region size 1024K, 2 young (2048K), 2 survivors (2048K)
 Metaspace       used 35959K, committed 36288K, reserved 1114112K
  class space    used 3992K, committed 4160K, reserved 1048576K
}
Event: 4.271 GC heap before
{Heap before GC invocations=10 (full 0):
 garbage-first heap   total 49152K, used 32810K [0x0000000083000000, 0x0000000100000000)
  region size 1024K, 21 young (21504K), 2 survivors (2048K)
 Metaspace       used 39290K, committed 39744K, reserved 1114112K
  class space    used 4454K, committed 4672K, reserved 1048576K
}
Event: 4.278 GC heap after
{Heap after GC invocations=11 (full 0):
 garbage-first heap   total 49152K, used 16745K [0x0000000083000000, 0x0000000100000000)
  region size 1024K, 3 young (3072K), 3 survivors (3072K)
 Metaspace       used 39290K, committed 39744K, reserved 1114112K
  class space    used 4454K, committed 4672K, reserved 1048576K
}
Event: 6.191 GC heap before
{Heap before GC invocations=11 (full 0):
 garbage-first heap   total 49152K, used 34153K [0x0000000083000000, 0x0000000100000000)
  region size 1024K, 21 young (21504K), 3 survivors (3072K)
 Metaspace       used 45025K, committed 45440K, reserved 1114112K
  class space    used 5192K, committed 5376K, reserved 1048576K
}
Event: 6.199 GC heap after
{Heap after GC invocations=12 (full 0):
 garbage-first heap   total 49152K, used 18893K [0x0000000083000000, 0x0000000100000000)
  region size 1024K, 3 young (3072K), 3 survivors (3072K)
 Metaspace       used 45025K, committed 45440K, reserved 1114112K
  class space    used 5192K, committed 5376K, reserved 1048576K
}
Event: 7.274 GC heap before
{Heap before GC invocations=12 (full 0):
 garbage-first heap   total 49152K, used 34253K [0x0000000083000000, 0x0000000100000000)
  region size 1024K, 19 young (19456K), 3 survivors (3072K)
 Metaspace       used 48265K, committed 48704K, reserved 1114112K
  class space    used 5706K, committed 5888K, reserved 1048576K
}
Event: 7.281 GC heap after
{Heap after GC invocations=13 (full 0):
 garbage-first heap   total 49152K, used 20424K [0x0000000083000000, 0x0000000100000000)
  region size 1024K, 2 young (2048K), 2 survivors (2048K)
 Metaspace       used 48265K, committed 48704K, reserved 1114112K
  class space    used 5706K, committed 5888K, reserved 1048576K
}
Event: 11.644 GC heap before
{Heap before GC invocations=13 (full 0):
 garbage-first heap   total 49152K, used 35784K [0x0000000083000000, 0x0000000100000000)
  region size 1024K, 17 young (17408K), 2 survivors (2048K)
 Metaspace       used 51525K, committed 52032K, reserved 1114112K
  class space    used 6234K, committed 6464K, reserved 1048576K
}
Event: 11.649 GC heap after
{Heap after GC invocations=14 (full 0):
 garbage-first heap   total 49152K, used 21064K [0x0000000083000000, 0x0000000100000000)
  region size 1024K, 3 young (3072K), 3 survivors (3072K)
 Metaspace       used 51525K, committed 52032K, reserved 1114112K
  class space    used 6234K, committed 6464K, reserved 1048576K
}

