# JRE version: OpenJDK Runtime Environment Temurin-17.0.10+7 (17.0.10+7) (build 17.0.10+7)
# Java VM: OpenJDK 64-Bit Server VM Temurin-17.0.10+7 (17.0.10+7, mixed mode, tiered, compressed oops, compressed class ptrs, g1 gc, windows-amd64)
GC Precious Log:
 CPUs: 4 total, 4 available
 Memory: 7999M
 Large Page Support: Disabled
 NUMA Support: Disabled
 Compressed Oops: Enabled (32-bit)
 Heap Region Size: 1M
 Heap Min Capacity: 8M
 Heap Initial Capacity: 126M
 Heap Max Capacity: 2000M
 Pre-touch: Disabled
 Parallel Workers: 4
 Concurrent Workers: 1
 Concurrent Refinement Workers: 4
 Periodic GC: Disabled
Heap:
 garbage-first heap   total 120832K, used 55458K [0x0000000083000000, 0x0000000100000000)
  region size 1024K, 14 young (14336K), 2 survivors (2048K)
 Metaspace       used 66657K, committed 67264K, reserved 1114112K
  class space    used 7275K, committed 7616K, reserved 1048576K
GC Heap History (20 events):
Event: 12051.574 GC heap before
{Heap before GC invocations=438 (full 0):
 garbage-first heap   total 120832K, used 91766K [0x0000000083000000, 0x0000000100000000)
  region size 1024K, 48 young (49152K), 1 survivors (1024K)
 Metaspace       used 66372K, committed 66944K, reserved 1114112K
  class space    used 7253K, committed 7552K, reserved 1048576K
}
Event: 12051.577 GC heap after
{Heap after GC invocations=439 (full 0):
 garbage-first heap   total 120832K, used 48107K [0x0000000083000000, 0x0000000100000000)
  region size 1024K, 5 young (5120K), 5 survivors (5120K)
 Metaspace       used 66372K, committed 66944K, reserved 1114112K
  class space    used 7253K, committed 7552K, reserved 1048576K
}
Event: 12096.480 GC heap before
{Heap before GC invocations=440 (full 0):
 garbage-first heap   total 120832K, used 92139K [0x0000000083000000, 0x0000000100000000)
  region size 1024K, 49 young (50176K), 5 survivors (5120K)
 Metaspace       used 66402K, committed 67008K, reserved 1114112K
  class space    used 7253K, committed 7552K, reserved 1048576K
}
Event: 12096.485 GC heap after
{Heap after GC invocations=441 (full 0):
 garbage-first heap   total 120832K, used 50289K [0x0000000083000000, 0x0000000100000000)
  region size 1024K, 7 young (7168K), 7 survivors (7168K)
 Metaspace       used 66402K, committed 67008K, reserved 1114112K
  class space    used 7253K, committed 7552K, reserved 1048576K
}
Event: 12096.490 GC heap before
{Heap before GC invocations=441 (full 0):
 garbage-first heap   total 120832K, used 50289K [0x0000000083000000, 0x0000000100000000)
  region size 1024K, 8 young (8192K), 7 survivors (7168K)
 Metaspace       used 66403K, committed 67008K, reserved 1114112K
  class space    used 7253K, committed 7552K, reserved 1048576K
}
Event: 12096.495 GC heap after
{Heap after GC invocations=442 (full 0):
 garbage-first heap   total 120832K, used 43886K [0x0000000083000000, 0x0000000100000000)
  region size 1024K, 1 young (1024K), 1 survivors (1024K)
 Metaspace       used 66403K, committed 67008K, reserved 1114112K
  class space    used 7253K, committed 7552K, reserved 1048576K
}
Event: 12158.915 GC heap before
{Heap before GC invocations=442 (full 0):
 garbage-first heap   total 120832K, used 90990K [0x0000000083000000, 0x0000000100000000)
  region size 1024K, 48 young (49152K), 1 survivors (1024K)
 Metaspace       used 66455K, committed 67072K, reserved 1114112K
  class space    used 7255K, committed 7552K, reserved 1048576K
}
Event: 12158.919 GC heap after
{Heap after GC invocations=443 (full 0):
 garbage-first heap   total 120832K, used 49972K [0x0000000083000000, 0x0000000100000000)
  region size 1024K, 6 young (6144K), 6 survivors (6144K)
 Metaspace       used 66455K, committed 67072K, reserved 1114112K
  class space    used 7255K, committed 7552K, reserved 1048576K
}
Event: 12244.238 GC heap before
{Heap before GC invocations=444 (full 0):
 garbage-first heap   total 120832K, used 90932K [0x0000000083000000, 0x0000000100000000)
  region size 1024K, 47 young (48128K), 6 survivors (6144K)
 Metaspace       used 66457K, committed 67072K, reserved 1114112K
  class space    used 7255K, committed 7552K, reserved 1048576K
}
Event: 12244.243 GC heap after
{Heap after GC invocations=445 (full 0):
 garbage-first heap   total 120832K, used 45525K [0x0000000083000000, 0x0000000100000000)
  region size 1024K, 1 young (1024K), 1 survivors (1024K)
 Metaspace       used 66457K, committed 67072K, reserved 1114112K
  class space    used 7255K, committed 7552K, reserved 1048576K
}
Event: 12251.826 GC heap before
{Heap before GC invocations=445 (full 0):
 garbage-first heap   total 120832K, used 48597K [0x0000000083000000, 0x0000000100000000)
  region size 1024K, 5 young (5120K), 1 survivors (1024K)
 Metaspace       used 66457K, committed 67072K, reserved 1114112K
  class space    used 7255K, committed 7552K, reserved 1048576K
}
Event: 12251.829 GC heap after
{Heap after GC invocations=446 (full 0):
 garbage-first heap   total 120832K, used 44290K [0x0000000083000000, 0x0000000100000000)
  region size 1024K, 1 young (1024K), 1 survivors (1024K)
 Metaspace       used 66457K, committed 67072K, reserved 1114112K
  class space    used 7255K, committed 7552K, reserved 1048576K
}
Event: 12321.864 GC heap before
{Heap before GC invocations=446 (full 0):
 garbage-first heap   total 120832K, used 91394K [0x0000000083000000, 0x0000000100000000)
  region size 1024K, 48 young (49152K), 1 survivors (1024K)
 Metaspace       used 66466K, committed 67072K, reserved 1114112K
  class space    used 7255K, committed 7552K, reserved 1048576K
}
Event: 12321.866 GC heap after
{Heap after GC invocations=447 (full 0):
 garbage-first heap   total 120832K, used 44645K [0x0000000083000000, 0x0000000100000000)
  region size 1024K, 1 young (1024K), 1 survivors (1024K)
 Metaspace       used 66466K, committed 67072K, reserved 1114112K
  class space    used 7255K, committed 7552K, reserved 1048576K
}
Event: 12841.671 GC heap before
{Heap before GC invocations=448 (full 0):
 garbage-first heap   total 120832K, used 94821K [0x0000000083000000, 0x0000000100000000)
  region size 1024K, 51 young (52224K), 1 survivors (1024K)
 Metaspace       used 66578K, committed 67200K, reserved 1114112K
  class space    used 7276K, committed 7616K, reserved 1048576K
}
Event: 12841.674 GC heap after
{Heap after GC invocations=449 (full 0):
 garbage-first heap   total 120832K, used 45336K [0x0000000083000000, 0x0000000100000000)
  region size 1024K, 2 young (2048K), 2 survivors (2048K)
 Metaspace       used 66578K, committed 67200K, reserved 1114112K
  class space    used 7276K, committed 7616K, reserved 1048576K
}
Event: 12841.900 GC heap before
{Heap before GC invocations=449 (full 0):
 garbage-first heap   total 120832K, used 48408K [0x0000000083000000, 0x0000000100000000)
  region size 1024K, 5 young (5120K), 2 survivors (2048K)
 Metaspace       used 66578K, committed 67200K, reserved 1114112K
  class space    used 7276K, committed 7616K, reserved 1048576K
}
Event: 12841.904 GC heap after
{Heap after GC invocations=450 (full 0):
 garbage-first heap   total 120832K, used 43757K [0x0000000083000000, 0x0000000100000000)
  region size 1024K, 1 young (1024K), 1 survivors (1024K)
 Metaspace       used 66578K, committed 67200K, reserved 1114112K
  class space    used 7276K, committed 7616K, reserved 1048576K
}
Event: 13473.158 GC heap before
{Heap before GC invocations=450 (full 0):
 garbage-first heap   total 120832K, used 95981K [0x0000000083000000, 0x0000000100000000)
  region size 1024K, 53 young (54272K), 1 survivors (1024K)
 Metaspace       used 66662K, committed 67264K, reserved 1114112K
  class space    used 7277K, committed 7616K, reserved 1048576K
}
Event: 13473.162 GC heap after
{Heap after GC invocations=451 (full 0):
 garbage-first heap   total 120832K, used 45218K [0x0000000083000000, 0x0000000100000000)
  region size 1024K, 2 young (2048K), 2 survivors (2048K)
 Metaspace       used 66662K, committed 67264K, reserved 1114112K
  class space    used 7277K, committed 7616K, reserved 1048576K
}

