<?xml version="1.0" encoding="UTF-8"?>
<!-- Generated by org.testng.reporters.JUnitReportReporter -->
<testsuite hostname="AUTOMATIONTEST" failures="0" tests="2" name="testRunner.RunnerTestPackagePolicyQuotation" time="314.229" errors="0" timestamp="14 Nov 2024 13:07:16 GMT">
  <testcase classname="testRunner.RunnerTestPackagePolicyQuotation" name="runScenario" time="213.868"/>
  <testcase classname="testRunner.RunnerTestPackagePolicyQuotation" name="runScenario" time="100.361"/>
</testsuite> <!-- testRunner.RunnerTestPackagePolicyQuotation -->
