<?xml version="1.0" encoding="UTF-8"?>
<!-- Generated by org.testng.reporters.JUnitReportReporter -->
<testsuite hostname="AUTOMATIONTEST" failures="0" tests="2" name="testRunner.RunnerTestPackagePolicyQuotation" time="323.094" errors="0" timestamp="8 Nov 2024 13:29:13 GMT">
  <testcase classname="testRunner.RunnerTestPackagePolicyQuotation" name="runScenario" time="216.552"/>
  <testcase classname="testRunner.RunnerTestPackagePolicyQuotation" name="runScenario" time="106.542"/>
</testsuite> <!-- testRunner.RunnerTestPackagePolicyQuotation -->
