# JRE version: OpenJDK Runtime Environment Temurin-17.0.10+7 (17.0.10+7) (build 17.0.10+7)
# Java VM: OpenJDK 64-Bit Server VM Temurin-17.0.10+7 (17.0.10+7, mixed mode, tiered, compressed oops, compressed class ptrs, g1 gc, windows-amd64)
GC Precious Log:
 CPUs: 4 total, 4 available
 Memory: 7999M
 Large Page Support: Disabled
 NUMA Support: Disabled
 Compressed Oops: Enabled (32-bit)
 Heap Region Size: 1M
 Heap Min Capacity: 8M
 Heap Initial Capacity: 126M
 Heap Max Capacity: 2000M
 Pre-touch: Disabled
 Parallel Workers: 4
 Concurrent Workers: 1
 Concurrent Refinement Workers: 4
 Periodic GC: Disabled
Heap:
 garbage-first heap   total 92160K, used 41287K [0x0000000083000000, 0x0000000100000000)
  region size 1024K, 19 young (19456K), 5 survivors (5120K)
 Metaspace       used 55160K, committed 55808K, reserved 1114112K
  class space    used 6352K, committed 6656K, reserved 1048576K
GC Heap History (20 events):
Event: 4.541 GC heap before
{Heap before GC invocations=12 (full 0):
 garbage-first heap   total 46080K, used 33916K [0x0000000083000000, 0x0000000100000000)
  region size 1024K, 18 young (18432K), 1 survivors (1024K)
 Metaspace       used 40618K, committed 41024K, reserved 1114112K
  class space    used 4562K, committed 4736K, reserved 1048576K
}
Event: 4.550 GC heap after
{Heap after GC invocations=13 (full 0):
 garbage-first heap   total 92160K, used 20592K [0x0000000083000000, 0x0000000100000000)
  region size 1024K, 3 young (3072K), 3 survivors (3072K)
 Metaspace       used 40618K, committed 41024K, reserved 1114112K
  class space    used 4562K, committed 4736K, reserved 1048576K
}
Event: 8.625 GC heap before
{Heap before GC invocations=13 (full 0):
 garbage-first heap   total 92160K, used 60528K [0x0000000083000000, 0x0000000100000000)
  region size 1024K, 42 young (43008K), 3 survivors (3072K)
 Metaspace       used 47056K, committed 47616K, reserved 1114112K
  class space    used 5532K, committed 5760K, reserved 1048576K
}
Event: 8.637 GC heap after
{Heap after GC invocations=14 (full 0):
 garbage-first heap   total 92160K, used 24572K [0x0000000083000000, 0x0000000100000000)
  region size 1024K, 6 young (6144K), 6 survivors (6144K)
 Metaspace       used 47056K, committed 47616K, reserved 1114112K
  class space    used 5532K, committed 5760K, reserved 1048576K
}
Event: 319.891 GC heap before
{Heap before GC invocations=14 (full 0):
 garbage-first heap   total 92160K, used 62460K [0x0000000083000000, 0x0000000100000000)
  region size 1024K, 43 young (44032K), 6 survivors (6144K)
 Metaspace       used 48067K, committed 48640K, reserved 1114112K
  class space    used 5581K, committed 5824K, reserved 1048576K
}
Event: 319.900 GC heap after
{Heap after GC invocations=15 (full 0):
 garbage-first heap   total 92160K, used 25569K [0x0000000083000000, 0x0000000100000000)
  region size 1024K, 1 young (1024K), 1 survivors (1024K)
 Metaspace       used 48067K, committed 48640K, reserved 1114112K
  class space    used 5581K, committed 5824K, reserved 1048576K
}
Event: 377.308 GC heap before
{Heap before GC invocations=15 (full 0):
 garbage-first heap   total 92160K, used 65505K [0x0000000083000000, 0x0000000100000000)
  region size 1024K, 41 young (41984K), 1 survivors (1024K)
 Metaspace       used 50925K, committed 51456K, reserved 1114112K
  class space    used 5921K, committed 6208K, reserved 1048576K
}
Event: 377.312 GC heap after
{Heap after GC invocations=16 (full 0):
 garbage-first heap   total 92160K, used 26420K [0x0000000083000000, 0x0000000100000000)
  region size 1024K, 2 young (2048K), 2 survivors (2048K)
 Metaspace       used 50925K, committed 51456K, reserved 1114112K
  class space    used 5921K, committed 6208K, reserved 1048576K
}
Event: 711.048 GC heap before
{Heap before GC invocations=16 (full 0):
 garbage-first heap   total 92160K, used 70452K [0x0000000083000000, 0x0000000100000000)
  region size 1024K, 46 young (47104K), 2 survivors (2048K)
 Metaspace       used 53977K, committed 54592K, reserved 1114112K
  class space    used 6280K, committed 6592K, reserved 1048576K
}
Event: 711.053 GC heap after
{Heap after GC invocations=17 (full 0):
 garbage-first heap   total 92160K, used 27357K [0x0000000083000000, 0x0000000100000000)
  region size 1024K, 3 young (3072K), 3 survivors (3072K)
 Metaspace       used 53977K, committed 54592K, reserved 1114112K
  class space    used 6280K, committed 6592K, reserved 1048576K
}
Event: 1336.180 GC heap before
{Heap before GC invocations=17 (full 0):
 garbage-first heap   total 92160K, used 72413K [0x0000000083000000, 0x0000000100000000)
  region size 1024K, 48 young (49152K), 3 survivors (3072K)
 Metaspace       used 54266K, committed 54848K, reserved 1114112K
  class space    used 6290K, committed 6592K, reserved 1048576K
}
Event: 1336.187 GC heap after
{Heap after GC invocations=18 (full 0):
 garbage-first heap   total 92160K, used 28017K [0x0000000083000000, 0x0000000100000000)
  region size 1024K, 4 young (4096K), 4 survivors (4096K)
 Metaspace       used 54266K, committed 54848K, reserved 1114112K
  class space    used 6290K, committed 6592K, reserved 1048576K
}
Event: 1806.915 GC heap before
{Heap before GC invocations=18 (full 0):
 garbage-first heap   total 92160K, used 73073K [0x0000000083000000, 0x0000000100000000)
  region size 1024K, 49 young (50176K), 4 survivors (4096K)
 Metaspace       used 54431K, committed 54976K, reserved 1114112K
  class space    used 6293K, committed 6592K, reserved 1048576K
}
Event: 1806.921 GC heap after
{Heap after GC invocations=19 (full 0):
 garbage-first heap   total 92160K, used 27900K [0x0000000083000000, 0x0000000100000000)
  region size 1024K, 4 young (4096K), 4 survivors (4096K)
 Metaspace       used 54431K, committed 54976K, reserved 1114112K
  class space    used 6293K, committed 6592K, reserved 1048576K
}
Event: 2375.421 GC heap before
{Heap before GC invocations=19 (full 0):
 garbage-first heap   total 92160K, used 73980K [0x0000000083000000, 0x0000000100000000)
  region size 1024K, 50 young (51200K), 4 survivors (4096K)
 Metaspace       used 54487K, committed 55104K, reserved 1114112K
  class space    used 6294K, committed 6592K, reserved 1048576K
}
Event: 2375.428 GC heap after
{Heap after GC invocations=20 (full 0):
 garbage-first heap   total 92160K, used 28097K [0x0000000083000000, 0x0000000100000000)
  region size 1024K, 4 young (4096K), 4 survivors (4096K)
 Metaspace       used 54487K, committed 55104K, reserved 1114112K
  class space    used 6294K, committed 6592K, reserved 1048576K
}
Event: 2708.143 GC heap before
{Heap before GC invocations=20 (full 0):
 garbage-first heap   total 92160K, used 75201K [0x0000000083000000, 0x0000000100000000)
  region size 1024K, 51 young (52224K), 4 survivors (4096K)
 Metaspace       used 54603K, committed 55168K, reserved 1114112K
  class space    used 6297K, committed 6592K, reserved 1048576K
}
Event: 2708.150 GC heap after
{Heap after GC invocations=21 (full 0):
 garbage-first heap   total 92160K, used 28245K [0x0000000083000000, 0x0000000100000000)
  region size 1024K, 4 young (4096K), 4 survivors (4096K)
 Metaspace       used 54603K, committed 55168K, reserved 1114112K
  class space    used 6297K, committed 6592K, reserved 1048576K
}
Event: 3545.527 GC heap before
{Heap before GC invocations=21 (full 0):
 garbage-first heap   total 92160K, used 75349K [0x0000000083000000, 0x0000000100000000)
  region size 1024K, 51 young (52224K), 4 survivors (4096K)
 Metaspace       used 54690K, committed 55232K, reserved 1114112K
  class space    used 6305K, committed 6592K, reserved 1048576K
}
Event: 3545.550 GC heap after
{Heap after GC invocations=22 (full 0):
 garbage-first heap   total 92160K, used 28286K [0x0000000083000000, 0x0000000100000000)
  region size 1024K, 4 young (4096K), 4 survivors (4096K)
 Metaspace       used 54690K, committed 55232K, reserved 1114112K
  class space    used 6305K, committed 6592K, reserved 1048576K
}

