# JRE version: OpenJDK Runtime Environment Temurin-17.0.10+7 (17.0.10+7) (build 17.0.10+7)
# Java VM: OpenJDK 64-Bit Server VM Temurin-17.0.10+7 (17.0.10+7, mixed mode, tiered, compressed oops, compressed class ptrs, g1 gc, windows-amd64)
GC Precious Log:
 CPUs: 4 total, 4 available
 Memory: 8191M
 Large Page Support: Disabled
 NUMA Support: Disabled
 Compressed Oops: Enabled (32-bit)
 Heap Region Size: 1M
 Heap Min Capacity: 8M
 Heap Initial Capacity: 128M
 Heap Max Capacity: 2G
 Pre-touch: Disabled
 Parallel Workers: 4
 Concurrent Workers: 1
 Concurrent Refinement Workers: 4
 Periodic GC: Disabled
Heap:
 garbage-first heap   total 90112K, used 44123K [0x0000000080000000, 0x0000000100000000)
  region size 1024K, 18 young (18432K), 2 survivors (2048K)
 Metaspace       used 55793K, committed 56320K, reserved 1114112K
  class space    used 6259K, committed 6528K, reserved 1048576K
GC Heap History (20 events):
Event: 87.225 GC heap before
{Heap before GC invocations=17 (full 0):
 garbage-first heap   total 90112K, used 61267K [0x0000000080000000, 0x0000000100000000)
  region size 1024K, 44 young (45056K), 7 survivors (7168K)
 Metaspace       used 52470K, committed 52992K, reserved 1114112K
  class space    used 6070K, committed 6336K, reserved 1048576K
}
Event: 87.236 GC heap after
{Heap after GC invocations=18 (full 0):
 garbage-first heap   total 90112K, used 27064K [0x0000000080000000, 0x0000000100000000)
  region size 1024K, 3 young (3072K), 3 survivors (3072K)
 Metaspace       used 52470K, committed 52992K, reserved 1114112K
  class space    used 6070K, committed 6336K, reserved 1048576K
}
Event: 438.307 GC heap before
{Heap before GC invocations=18 (full 0):
 garbage-first heap   total 90112K, used 64952K [0x0000000080000000, 0x0000000100000000)
  region size 1024K, 41 young (41984K), 3 survivors (3072K)
 Metaspace       used 52760K, committed 53312K, reserved 1114112K
  class space    used 6077K, committed 6336K, reserved 1048576K
}
Event: 438.312 GC heap after
{Heap after GC invocations=19 (full 0):
 garbage-first heap   total 90112K, used 26892K [0x0000000080000000, 0x0000000100000000)
  region size 1024K, 3 young (3072K), 3 survivors (3072K)
 Metaspace       used 52760K, committed 53312K, reserved 1114112K
  class space    used 6077K, committed 6336K, reserved 1048576K
}
Event: 513.918 GC heap before
{Heap before GC invocations=19 (full 0):
 garbage-first heap   total 90112K, used 67852K [0x0000000080000000, 0x0000000100000000)
  region size 1024K, 43 young (44032K), 3 survivors (3072K)
 Metaspace       used 54691K, committed 55232K, reserved 1114112K
  class space    used 6224K, committed 6464K, reserved 1048576K
}
Event: 513.925 GC heap after
{Heap after GC invocations=20 (full 0):
 garbage-first heap   total 90112K, used 29002K [0x0000000080000000, 0x0000000100000000)
  region size 1024K, 5 young (5120K), 5 survivors (5120K)
 Metaspace       used 54691K, committed 55232K, reserved 1114112K
  class space    used 6224K, committed 6464K, reserved 1048576K
}
Event: 594.815 GC heap before
{Heap before GC invocations=20 (full 0):
 garbage-first heap   total 90112K, used 68938K [0x0000000080000000, 0x0000000100000000)
  region size 1024K, 44 young (45056K), 5 survivors (5120K)
 Metaspace       used 54874K, committed 55360K, reserved 1114112K
  class space    used 6225K, committed 6464K, reserved 1048576K
}
Event: 594.821 GC heap after
{Heap after GC invocations=21 (full 0):
 garbage-first heap   total 90112K, used 29309K [0x0000000080000000, 0x0000000100000000)
  region size 1024K, 2 young (2048K), 2 survivors (2048K)
 Metaspace       used 54874K, committed 55360K, reserved 1114112K
  class space    used 6225K, committed 6464K, reserved 1048576K
}
Event: 683.003 GC heap before
{Heap before GC invocations=21 (full 0):
 garbage-first heap   total 90112K, used 70269K [0x0000000080000000, 0x0000000100000000)
  region size 1024K, 42 young (43008K), 2 survivors (2048K)
 Metaspace       used 55099K, committed 55552K, reserved 1114112K
  class space    used 6229K, committed 6464K, reserved 1048576K
}
Event: 683.006 GC heap after
{Heap after GC invocations=22 (full 0):
 garbage-first heap   total 90112K, used 29056K [0x0000000080000000, 0x0000000100000000)
  region size 1024K, 2 young (2048K), 2 survivors (2048K)
 Metaspace       used 55099K, committed 55552K, reserved 1114112K
  class space    used 6229K, committed 6464K, reserved 1048576K
}
Event: 2256.076 GC heap before
{Heap before GC invocations=22 (full 0):
 garbage-first heap   total 90112K, used 71040K [0x0000000080000000, 0x0000000100000000)
  region size 1024K, 43 young (44032K), 2 survivors (2048K)
 Metaspace       used 55291K, committed 55744K, reserved 1114112K
  class space    used 6229K, committed 6464K, reserved 1048576K
}
Event: 2256.080 GC heap after
{Heap after GC invocations=23 (full 0):
 garbage-first heap   total 90112K, used 29052K [0x0000000080000000, 0x0000000100000000)
  region size 1024K, 2 young (2048K), 2 survivors (2048K)
 Metaspace       used 55291K, committed 55744K, reserved 1114112K
  class space    used 6229K, committed 6464K, reserved 1048576K
}
Event: 2372.666 GC heap before
{Heap before GC invocations=23 (full 0):
 garbage-first heap   total 90112K, used 72060K [0x0000000080000000, 0x0000000100000000)
  region size 1024K, 44 young (45056K), 2 survivors (2048K)
 Metaspace       used 55407K, committed 55872K, reserved 1114112K
  class space    used 6229K, committed 6464K, reserved 1048576K
}
Event: 2372.675 GC heap after
{Heap after GC invocations=24 (full 0):
 garbage-first heap   total 90112K, used 29818K [0x0000000080000000, 0x0000000100000000)
  region size 1024K, 3 young (3072K), 3 survivors (3072K)
 Metaspace       used 55407K, committed 55872K, reserved 1114112K
  class space    used 6229K, committed 6464K, reserved 1048576K
}
Event: 5176.989 GC heap before
{Heap before GC invocations=24 (full 0):
 garbage-first heap   total 90112K, used 70778K [0x0000000080000000, 0x0000000100000000)
  region size 1024K, 44 young (45056K), 3 survivors (3072K)
 Metaspace       used 55553K, committed 56064K, reserved 1114112K
  class space    used 6240K, committed 6464K, reserved 1048576K
}
Event: 5176.995 GC heap after
{Heap after GC invocations=25 (full 0):
 garbage-first heap   total 90112K, used 29306K [0x0000000080000000, 0x0000000100000000)
  region size 1024K, 2 young (2048K), 2 survivors (2048K)
 Metaspace       used 55553K, committed 56064K, reserved 1114112K
  class space    used 6240K, committed 6464K, reserved 1048576K
}
Event: 7373.258 GC heap before
{Heap before GC invocations=25 (full 0):
 garbage-first heap   total 90112K, used 72314K [0x0000000080000000, 0x0000000100000000)
  region size 1024K, 44 young (45056K), 2 survivors (2048K)
 Metaspace       used 55702K, committed 56256K, reserved 1114112K
  class space    used 6255K, committed 6528K, reserved 1048576K
}
Event: 7373.261 GC heap after
{Heap after GC invocations=26 (full 0):
 garbage-first heap   total 90112K, used 28823K [0x0000000080000000, 0x0000000100000000)
  region size 1024K, 2 young (2048K), 2 survivors (2048K)
 Metaspace       used 55702K, committed 56256K, reserved 1114112K
  class space    used 6255K, committed 6528K, reserved 1048576K
}
Event: 8240.839 GC heap before
{Heap before GC invocations=26 (full 0):
 garbage-first heap   total 90112K, used 72855K [0x0000000080000000, 0x0000000100000000)
  region size 1024K, 45 young (46080K), 2 survivors (2048K)
 Metaspace       used 55765K, committed 56320K, reserved 1114112K
  class space    used 6255K, committed 6528K, reserved 1048576K
}
Event: 8240.842 GC heap after
{Heap after GC invocations=27 (full 0):
 garbage-first heap   total 90112K, used 28763K [0x0000000080000000, 0x0000000100000000)
  region size 1024K, 2 young (2048K), 2 survivors (2048K)
 Metaspace       used 55765K, committed 56320K, reserved 1114112K
  class space    used 6255K, committed 6528K, reserved 1048576K
}

