<?xml version="1.0" encoding="UTF-8"?>
<!-- Generated by org.testng.reporters.JUnitReportReporter -->
<testsuite hostname="AUTOMATIONTEST" failures="0" tests="39" name="testRunner.RunnerTestClientDetails" time="2274.171" errors="7" timestamp="5 Nov 2025 19:08:14 GMT">
  <testcase classname="testRunner.RunnerTestClientDetails" name="runScenario" time="27.659"/>
  <testcase classname="testRunner.RunnerTestClientDetails" name="runScenario" time="28.039"/>
  <testcase classname="testRunner.RunnerTestClientDetails" name="runScenario" time="27.695"/>
  <testcase classname="testRunner.RunnerTestClientDetails" name="runScenario" time="27.470"/>
  <testcase classname="testRunner.RunnerTestClientDetails" name="runScenario" time="324.646"/>
  <testcase classname="testRunner.RunnerTestClientDetails" name="runScenario" time="27.458"/>
  <testcase classname="testRunner.RunnerTestClientDetails" name="runScenario" time="29.076"/>
  <testcase classname="testRunner.RunnerTestClientDetails" name="runScenario" time="27.250"/>
  <testcase classname="testRunner.RunnerTestClientDetails" name="runScenario" time="27.415"/>
  <testcase classname="testRunner.RunnerTestClientDetails" name="runScenario" time="22.219">
    <error message="TODO: implement me" type="io.cucumber.java.PendingException">
      <![CDATA[io.cucumber.java.PendingException: TODO: implement me
	at cucumberMap.ClientDetails.the_displayed_details_should_include_and(ClientDetails.java:979)
	at ✽.the displayed details should include "Name", "Email", and "Mobile"(file:///C:/Users/Administrator/git/repository/SmartPolicy-BrokerPortal/src/test/resources/Business_Logic/ClientDetails.feature:401)
]]>
    </error>
  </testcase> <!-- runScenario -->
  <testcase classname="testRunner.RunnerTestClientDetails" name="runScenario" time="77.405">
    <error message="TODO: implement me" type="io.cucumber.java.PendingException">
      <![CDATA[io.cucumber.java.PendingException: TODO: implement me
	at cucumberMap.ClientDetails.the_displayed_details_should_include_and(ClientDetails.java:979)
	at ✽.the displayed details should include "Name", "Email", and "Client ID"(file:///C:/Users/Administrator/git/repository/SmartPolicy-BrokerPortal/src/test/resources/Business_Logic/ClientDetails.feature:415)
]]>
    </error>
  </testcase> <!-- runScenario -->
  <testcase classname="testRunner.RunnerTestClientDetails" name="runScenario" time="27.788"/>
  <testcase classname="testRunner.RunnerTestClientDetails" name="runScenario" time="27.617"/>
  <testcase classname="testRunner.RunnerTestClientDetails" name="runScenario" time="27.612"/>
  <testcase classname="testRunner.RunnerTestClientDetails" name="runScenario" time="33.991"/>
  <testcase classname="testRunner.RunnerTestClientDetails" name="runScenario" time="27.837"/>
  <testcase classname="testRunner.RunnerTestClientDetails" name="runScenario" time="27.974"/>
  <testcase classname="testRunner.RunnerTestClientDetails" name="runScenario" time="152.240"/>
  <testcase classname="testRunner.RunnerTestClientDetails" name="runScenario" time="27.562"/>
  <testcase classname="testRunner.RunnerTestClientDetails" name="runScenario" time="271.027"/>
  <testcase classname="testRunner.RunnerTestClientDetails" name="runScenario" time="28.683"/>
  <testcase classname="testRunner.RunnerTestClientDetails" name="runScenario" time="28.078"/>
  <testcase classname="testRunner.RunnerTestClientDetails" name="runScenario" time="41.038">
    <error message="The step &#039;the displayed client details should include &quot;Name&quot;, &quot;Email&quot;, and &quot;Client ID&quot;&#039; is undefined.
You can implement this step using the snippet(s) below:

@Then(&quot;the displayed client details should include {string}, {string}, and {string}&quot;)
public void the_displayed_client_details_should_include_and(String string, String string2, String string3) {
    // Write code here that turns the phrase above into concrete actions
    throw new io.cucumber.java.PendingException();
}
" type="io.cucumber.testng.UndefinedStepException">
      <![CDATA[io.cucumber.testng.UndefinedStepException: The step 'the displayed client details should include "Name", "Email", and "Client ID"' is undefined.
You can implement this step using the snippet(s) below:

@Then("the displayed client details should include {string}, {string}, and {string}")
public void the_displayed_client_details_should_include_and(String string, String string2, String string3) {
    // Write code here that turns the phrase above into concrete actions
    throw new io.cucumber.java.PendingException();
}

	at io.cucumber.core.runtime.TestCaseResultObserver.assertTestCasePassed(TestCaseResultObserver.java:69)
	at io.cucumber.testng.TestCaseResultObserver.assertTestCasePassed(TestCaseResultObserver.java:23)
	at io.cucumber.testng.TestNGCucumberRunner.lambda$runScenario$1(TestNGCucumberRunner.java:133)
	at io.cucumber.core.runtime.CucumberExecutionContext.lambda$runTestCase$5(CucumberExecutionContext.java:129)
	at io.cucumber.core.runtime.RethrowingThrowableCollector.executeAndThrow(RethrowingThrowableCollector.java:23)
	at io.cucumber.core.runtime.CucumberExecutionContext.runTestCase(CucumberExecutionContext.java:129)
	at io.cucumber.testng.TestNGCucumberRunner.runScenario(TestNGCucumberRunner.java:129)
	at io.cucumber.testng.AbstractTestNGCucumberTests.runScenario(AbstractTestNGCucumberTests.java:35)
	at jdk.internal.reflect.GeneratedMethodAccessor129.invoke(Unknown Source)
	at java.base/jdk.internal.reflect.DelegatingMethodAccessorImpl.invoke(DelegatingMethodAccessorImpl.java:43)
	at java.base/java.lang.reflect.Method.invoke(Method.java:568)
	at org.testng.internal.MethodInvocationHelper.invokeMethod(MethodInvocationHelper.java:85)
	at org.testng.internal.Invoker.invokeMethod(Invoker.java:639)
	at org.testng.internal.Invoker.invokeTestMethod(Invoker.java:816)
	at org.testng.internal.Invoker.invokeTestMethods(Invoker.java:1124)
	at org.testng.internal.TestMethodWorker.invokeTestMethods(TestMethodWorker.java:125)
	at org.testng.internal.TestMethodWorker.run(TestMethodWorker.java:108)
	at org.testng.TestRunner.privateRun(TestRunner.java:774)
	at org.testng.TestRunner.run(TestRunner.java:624)
	at org.testng.SuiteRunner.runTest(SuiteRunner.java:359)
	at org.testng.SuiteRunner.runSequentially(SuiteRunner.java:354)
	at org.testng.SuiteRunner.privateRun(SuiteRunner.java:312)
	at org.testng.SuiteRunner.run(SuiteRunner.java:261)
	at org.testng.SuiteRunnerWorker.runSuite(SuiteRunnerWorker.java:52)
	at org.testng.SuiteRunnerWorker.run(SuiteRunnerWorker.java:86)
	at org.testng.TestNG.runSuitesSequentially(TestNG.java:1191)
	at org.testng.TestNG.runSuitesLocally(TestNG.java:1116)
	at org.testng.TestNG.run(TestNG.java:1024)
	at org.testng.remote.AbstractRemoteTestNG.run(AbstractRemoteTestNG.java:115)
	at org.testng.remote.RemoteTestNG.initAndRun(RemoteTestNG.java:251)
	at org.testng.remote.RemoteTestNG.main(RemoteTestNG.java:77)
]]>
    </error>
  </testcase> <!-- runScenario -->
  <testcase classname="testRunner.RunnerTestClientDetails" name="runScenario" time="27.763"/>
  <testcase classname="testRunner.RunnerTestClientDetails" name="runScenario" time="35.379">
    <error message="TODO: implement me" type="io.cucumber.java.PendingException">
      <![CDATA[io.cucumber.java.PendingException: TODO: implement me
	at cucumberMap.ClientDetails.the_displayed_details_should_include_and(ClientDetails.java:979)
	at ✽.the displayed details should include "Client ID", "Account Number", and "Date of Birth"(file:///C:/Users/Administrator/git/repository/SmartPolicy-BrokerPortal/src/test/resources/Business_Logic/ClientDetails.feature:436)
]]>
    </error>
  </testcase> <!-- runScenario -->
  <testcase classname="testRunner.RunnerTestClientDetails" name="runScenario" time="27.551"/>
  <testcase classname="testRunner.RunnerTestClientDetails" name="runScenario" time="40.215">
    <error message="TODO: implement me" type="io.cucumber.java.PendingException">
      <![CDATA[io.cucumber.java.PendingException: TODO: implement me
	at cucumberMap.ClientDetails.the_displayed_details_should_include_and(ClientDetails.java:979)
	at ✽.the displayed details should include "Name", "Mobile", and "Client ID"(file:///C:/Users/Administrator/git/repository/SmartPolicy-BrokerPortal/src/test/resources/Business_Logic/ClientDetails.feature:394)
]]>
    </error>
  </testcase> <!-- runScenario -->
  <testcase classname="testRunner.RunnerTestClientDetails" name="runScenario" time="33.688"/>
  <testcase classname="testRunner.RunnerTestClientDetails" name="runScenario" time="27.672"/>
  <testcase classname="testRunner.RunnerTestClientDetails" name="runScenario" time="27.404"/>
  <testcase classname="testRunner.RunnerTestClientDetails" name="runScenario" time="28.138"/>
  <testcase classname="testRunner.RunnerTestClientDetails" name="runScenario" time="27.714"/>
  <testcase classname="testRunner.RunnerTestClientDetails" name="runScenario" time="27.316"/>
  <testcase classname="testRunner.RunnerTestClientDetails" name="runScenario" time="149.899"/>
  <testcase classname="testRunner.RunnerTestClientDetails" name="runScenario" time="27.615"/>
  <testcase classname="testRunner.RunnerTestClientDetails" name="runScenario" time="19.551"/>
  <testcase classname="testRunner.RunnerTestClientDetails" name="runScenario" time="56.123">
    <error message="TODO: implement me" type="io.cucumber.java.PendingException">
      <![CDATA[io.cucumber.java.PendingException: TODO: implement me
	at cucumberMap.ClientDetails.the_displayed_details_should_include_and(ClientDetails.java:979)
	at ✽.the displayed details should include "Name", "Email", and "Client ID"(file:///C:/Users/Administrator/git/repository/SmartPolicy-BrokerPortal/src/test/resources/Business_Logic/ClientDetails.feature:408)
]]>
    </error>
  </testcase> <!-- runScenario -->
  <testcase classname="testRunner.RunnerTestClientDetails" name="runScenario" time="317.500"/>
  <testcase classname="testRunner.RunnerTestClientDetails" name="runScenario" time="32.864">
    <error message="TODO: implement me" type="io.cucumber.java.PendingException">
      <![CDATA[io.cucumber.java.PendingException: TODO: implement me
	at cucumberMap.ClientDetails.the_displayed_client_details_should_include_and(ClientDetails.java:944)
	at ✽.the displayed client details should include "Client ID", "Email", "Mobile", and "Account Number"(file:///C:/Users/Administrator/git/repository/SmartPolicy-BrokerPortal/src/test/resources/Business_Logic/ClientDetails.feature:380)
]]>
    </error>
  </testcase> <!-- runScenario -->
</testsuite> <!-- testRunner.RunnerTestClientDetails -->
