<?xml version="1.0" encoding="UTF-8"?>
<!-- Generated by org.testng.reporters.JUnitReportReporter -->
<testsuite hostname="AUTOMATIONTEST" failures="0" tests="5" name="testRunner.RunnerTestBurglaryQuotation" time="520.429" errors="0" timestamp="2026-08-05T23:26:18 GMT+03:00" skipped="0">
  <testcase classname="testRunner.RunnerTestBurglaryQuotation" name="runScenario" time="114.571"/>
  <testcase classname="testRunner.RunnerTestBurglaryQuotation" name="runScenario" time="150.079"/>
  <testcase classname="testRunner.RunnerTestBurglaryQuotation" name="runScenario" time="64.984"/>
  <testcase classname="testRunner.RunnerTestBurglaryQuotation" name="runScenario" time="101.502"/>
  <testcase classname="testRunner.RunnerTestBurglaryQuotation" name="runScenario" time="89.293"/>
</testsuite> <!-- testRunner.RunnerTestBurglaryQuotation -->
