<?xml version="1.0" encoding="UTF-8"?>
<!-- Generated by org.testng.reporters.JUnitReportReporter -->
<testsuite hostname="AUTOMATIONTEST" failures="0" tests="11" name="testRunner.RunnerTestRiskNote_DebitNote" time="971.891" errors="0" timestamp="2026-07-30T03:55:18 EAT" skipped="0">
  <testcase classname="testRunner.RunnerTestRiskNote_DebitNote" name="runScenario" time="88.174"/>
  <testcase classname="testRunner.RunnerTestRiskNote_DebitNote" name="runScenario" time="73.385"/>
  <testcase classname="testRunner.RunnerTestRiskNote_DebitNote" name="runScenario" time="75.834"/>
  <testcase classname="testRunner.RunnerTestRiskNote_DebitNote" name="runScenario" time="201.606"/>
  <testcase classname="testRunner.RunnerTestRiskNote_DebitNote" name="runScenario" time="74.749"/>
  <testcase classname="testRunner.RunnerTestRiskNote_DebitNote" name="runScenario" time="77.592"/>
  <testcase classname="testRunner.RunnerTestRiskNote_DebitNote" name="runScenario" time="78.576"/>
  <testcase classname="testRunner.RunnerTestRiskNote_DebitNote" name="runScenario" time="71.398"/>
  <testcase classname="testRunner.RunnerTestRiskNote_DebitNote" name="runScenario" time="80.148"/>
  <testcase classname="testRunner.RunnerTestRiskNote_DebitNote" name="runScenario" time="72.373"/>
  <testcase classname="testRunner.RunnerTestRiskNote_DebitNote" name="runScenario" time="78.056"/>
</testsuite> <!-- testRunner.RunnerTestRiskNote_DebitNote -->
