<?xml version="1.0" encoding="UTF-8"?>
<!-- Generated by org.testng.reporters.JUnitReportReporter -->
<testsuite hostname="AUTOMATIONTEST" failures="0" tests="4" name="testRunner.RunnerTestFireAndBurglaryQuotation" time="2387.648" errors="0" timestamp="22 Aug 2025 11:34:59 GMT">
  <testcase classname="testRunner.RunnerTestFireAndBurglaryQuotation" name="runScenario" time="55.719"/>
  <testcase classname="testRunner.RunnerTestFireAndBurglaryQuotation" name="runScenario" time="69.136"/>
  <testcase classname="testRunner.RunnerTestFireAndBurglaryQuotation" name="runScenario" time="60.441"/>
  <testcase classname="testRunner.RunnerTestFireAndBurglaryQuotation" name="runScenario" time="2202.352"/>
</testsuite> <!-- testRunner.RunnerTestFireAndBurglaryQuotation -->
