<?xml version="1.0" encoding="UTF-8"?>
<!-- Generated by org.testng.reporters.JUnitReportReporter -->
<testsuite hostname="AUTOMATIONTEST" failures="0" tests="12" name="testRunner.RunnerTestClaims" time="1534.866" errors="1" timestamp="2026-07-22T06:10:38 EAT" skipped="0">
  <testcase classname="testRunner.RunnerTestClaims" name="runScenario" time="115.681"/>
  <testcase classname="testRunner.RunnerTestClaims" name="runScenario" time="109.139"/>
  <testcase classname="testRunner.RunnerTestClaims" name="runScenario" time="148.826"/>
  <testcase classname="testRunner.RunnerTestClaims" name="runScenario" time="99.908"/>
  <testcase classname="testRunner.RunnerTestClaims" name="runScenario" time="282.643">
    <error message="no such element: Unable to locate element: {&quot;method&quot;:&quot;xpath&quot;,&quot;selector&quot;:&quot;(//*[contains(@aria-controls,&#039;MainContent_cmbCountryofLoss&#039;)])[2]&quot;}
  (Session info: chrome=141.0.7390.123)
For documentation on this error, please visit: https://www.selenium.dev/documentation/webdriver/troubleshooting/errors#no-such-element-exception
Build info: version: &#039;4.18.1&#039;, revision: &#039;b1d3319b48&#039;
System info: os.name: &#039;Windows Server 2019&#039;, os.arch: &#039;amd64&#039;, os.version: &#039;10.0&#039;, java.version: &#039;17.0.10&#039;
Driver info: org.openqa.selenium.chrome.ChromeDriver
Command: [b26da764b4de20fab59c1d7914fb29b6, findElement {using=xpath, value=(//*[contains(@aria-controls,&#039;MainContent_cmbCountryofLoss&#039;)])[2]}]
Capabilities {acceptInsecureCerts: false, browserName: chrome, browserVersion: 141.0.7390.123, chrome: {chromedriverVersion: 141.0.7390.122 (b477534e7e1..., userDataDir: C:\Windows\SystemTemp\scope...}, fedcm:accounts: true, goog:chromeOptions: {debuggerAddress: localhost:61595}, networkConnectionEnabled: false, pageLoadStrategy: normal, platformName: windows, proxy: Proxy(), se:cdp: ws://localhost:61595/devtoo..., se:cdpVersion: 141.0.7390.123, setWindowRect: true, strictFileInteractability: false, timeouts: {implicit: 0, pageLoad: 300000, script: 30000}, unhandledPromptBehavior: dismiss and notify, webauthn:extension:credBlob: true, webauthn:extension:largeBlob: true, webauthn:extension:minPinLength: true, webauthn:extension:prf: true, webauthn:virtualAuthenticators: true}
Session ID: b26da764b4de20fab59c1d7914fb29b6" type="org.openqa.selenium.NoSuchElementException">
      <![CDATA[org.openqa.selenium.NoSuchElementException: no such element: Unable to locate element: {"method":"xpath","selector":"(//*[contains(@aria-controls,'MainContent_cmbCountryofLoss')])[2]"}
  (Session info: chrome=141.0.7390.123)
For documentation on this error, please visit: https://www.selenium.dev/documentation/webdriver/troubleshooting/errors#no-such-element-exception
Build info: version: '4.18.1', revision: 'b1d3319b48'
System info: os.name: 'Windows Server 2019', os.arch: 'amd64', os.version: '10.0', java.version: '17.0.10'
Driver info: org.openqa.selenium.chrome.ChromeDriver
Command: [b26da764b4de20fab59c1d7914fb29b6, findElement {using=xpath, value=(//*[contains(@aria-controls,'MainContent_cmbCountryofLoss')])[2]}]
Capabilities {acceptInsecureCerts: false, browserName: chrome, browserVersion: 141.0.7390.123, chrome: {chromedriverVersion: 141.0.7390.122 (b477534e7e1..., userDataDir: C:\Windows\SystemTemp\scope...}, fedcm:accounts: true, goog:chromeOptions: {debuggerAddress: localhost:61595}, networkConnectionEnabled: false, pageLoadStrategy: normal, platformName: windows, proxy: Proxy(), se:cdp: ws://localhost:61595/devtoo..., se:cdpVersion: 141.0.7390.123, setWindowRect: true, strictFileInteractability: false, timeouts: {implicit: 0, pageLoad: 300000, script: 30000}, unhandledPromptBehavior: dismiss and notify, webauthn:extension:credBlob: true, webauthn:extension:largeBlob: true, webauthn:extension:minPinLength: true, webauthn:extension:prf: true, webauthn:virtualAuthenticators: true}
Session ID: b26da764b4de20fab59c1d7914fb29b6
at jdk.internal.reflect.GeneratedConstructorAccessor59.newInstance(Unknown Source)
at java.base/jdk.internal.reflect.DelegatingConstructorAccessorImpl.newInstance(DelegatingConstructorAccessorImpl.java:45)
at java.base/java.lang.reflect.Constructor.newInstanceWithCaller(Constructor.java:499)
at java.base/java.lang.reflect.Constructor.newInstance(Constructor.java:480)
at org.openqa.selenium.remote.ErrorCodec.decode(ErrorCodec.java:167)
at org.openqa.selenium.remote.codec.w3c.W3CHttpResponseCodec.decode(W3CHttpResponseCodec.java:138)
at org.openqa.selenium.remote.codec.w3c.W3CHttpResponseCodec.decode(W3CHttpResponseCodec.java:50)
at org.openqa.selenium.remote.HttpCommandExecutor.execute(HttpCommandExecutor.java:190)
at org.openqa.selenium.remote.service.DriverCommandExecutor.invokeExecute(DriverCommandExecutor.java:216)
at org.openqa.selenium.remote.service.DriverCommandExecutor.execute(DriverCommandExecutor.java:174)
at org.openqa.selenium.remote.RemoteWebDriver.execute(RemoteWebDriver.java:519)
at org.openqa.selenium.remote.ElementLocation$ElementFinder$2.findElement(ElementLocation.java:165)
at org.openqa.selenium.remote.ElementLocation.findElement(ElementLocation.java:59)
at org.openqa.selenium.remote.RemoteWebDriver.findElement(RemoteWebDriver.java:356)
at org.openqa.selenium.remote.RemoteWebDriver.findElement(RemoteWebDriver.java:350)
at utility.SeleniumOperations.dropdown(SeleniumOperations.java:1406)
at itl.Itl.CustomDropdownEvent(Itl.java:354)
at cucumberMap18Claims.Claims.user_select_as_country(Claims.java:75)
at ✽.user select "Tanzania" as country(file:///C:/Users/Administrator/git/repository/SmartPolicy-BrokerPortal/src/test/resources/Claims/Claims.feature:308)
]]>
    </error>
  </testcase> <!-- runScenario -->
  <testcase classname="testRunner.RunnerTestClaims" name="runScenario" time="95.756"/>
  <testcase classname="testRunner.RunnerTestClaims" name="runScenario" time="105.345"/>
  <testcase classname="testRunner.RunnerTestClaims" name="runScenario" time="101.549"/>
  <testcase classname="testRunner.RunnerTestClaims" name="runScenario" time="161.109"/>
  <testcase classname="testRunner.RunnerTestClaims" name="runScenario" time="116.040"/>
  <testcase classname="testRunner.RunnerTestClaims" name="runScenario" time="96.242"/>
  <testcase classname="testRunner.RunnerTestClaims" name="runScenario" time="102.628"/>
</testsuite> <!-- testRunner.RunnerTestClaims -->
