<?xml version="1.0" encoding="UTF-8"?>
<!-- Generated by org.testng.reporters.JUnitReportReporter -->
<testsuite hostname="AUTOMATIONTEST" failures="0" tests="5" name="testRunner.RunnerTestMedicalQuotation" time="460.747" errors="0" timestamp="28 Nov 2025 00:26:38 GMT">
  <testcase classname="testRunner.RunnerTestMedicalQuotation" name="runScenario" time="89.924"/>
  <testcase classname="testRunner.RunnerTestMedicalQuotation" name="runScenario" time="90.476"/>
  <testcase classname="testRunner.RunnerTestMedicalQuotation" name="runScenario" time="138.311"/>
  <testcase classname="testRunner.RunnerTestMedicalQuotation" name="runScenario" time="82.570"/>
  <testcase classname="testRunner.RunnerTestMedicalQuotation" name="runScenario" time="59.466"/>
</testsuite> <!-- testRunner.RunnerTestMedicalQuotation -->
