<?xml version="1.0" encoding="UTF-8"?>
<!-- Generated by org.testng.reporters.JUnitReportReporter -->
<testsuite hostname="AUTOMATIONTEST" failures="0" tests="5" name="testRunner.RunnerTestFireAndBurglaryQuotation" time="405.146" errors="0" timestamp="28 Nov 2025 00:26:38 GMT">
  <testcase classname="testRunner.RunnerTestFireAndBurglaryQuotation" name="runScenario" time="82.936"/>
  <testcase classname="testRunner.RunnerTestFireAndBurglaryQuotation" name="runScenario" time="80.879"/>
  <testcase classname="testRunner.RunnerTestFireAndBurglaryQuotation" name="runScenario" time="73.773"/>
  <testcase classname="testRunner.RunnerTestFireAndBurglaryQuotation" name="runScenario" time="57.433"/>
  <testcase classname="testRunner.RunnerTestFireAndBurglaryQuotation" name="runScenario" time="110.125"/>
</testsuite> <!-- testRunner.RunnerTestFireAndBurglaryQuotation -->
