<?xml version="1.0" encoding="UTF-8"?>
<!-- Generated by org.testng.reporters.JUnitReportReporter -->
<testsuite hostname="AUTOMATIONTEST" failures="1" tests="5" name="testRunner.RunnerTestBondsQuotation" time="480.408" errors="0" timestamp="2026-07-30T03:55:18 EAT" skipped="0">
  <testcase classname="testRunner.RunnerTestBondsQuotation" name="runScenario" time="88.932"/>
  <testcase classname="testRunner.RunnerTestBondsQuotation" name="runScenario" time="94.344"/>
  <testcase classname="testRunner.RunnerTestBondsQuotation" name="runScenario" time="100.757"/>
  <testcase classname="testRunner.RunnerTestBondsQuotation" name="runScenario" time="74.748"/>
  <testcase classname="testRunner.RunnerTestBondsQuotation" name="runScenario" time="121.627">
    <failure message="Total Receivable Validation Failed" type="java.lang.AssertionError">
      <![CDATA[java.lang.AssertionError: Total Receivable Validation Failed
at utility.SeleniumOperations.validateBondCalculation(SeleniumOperations.java:4066)
at cucumberMap5Bonds.Bonds.validateQuotationCalculation(Bonds.java:796)
at ✽.user validates quotation calculations(file:///C:/Users/Administrator/git/repository/SmartPolicy-BrokerPortal/src/test/resources/Quotations/Bonds.feature:125)
]]>
    </failure>
  </testcase> <!-- runScenario -->
</testsuite> <!-- testRunner.RunnerTestBondsQuotation -->
