<?xml version="1.0" encoding="UTF-8"?>
<!-- Generated by org.testng.reporters.JUnitReportReporter -->
<testsuite hostname="AUTOMATIONTEST" failures="0" tests="14" name="testRunner.RunnerTestRenewPolicy" time="1781.948" errors="0" timestamp="2026-07-30T03:55:18 EAT" skipped="0">
  <testcase classname="testRunner.RunnerTestRenewPolicy" name="runScenario" time="36.426"/>
  <testcase classname="testRunner.RunnerTestRenewPolicy" name="runScenario" time="286.237"/>
  <testcase classname="testRunner.RunnerTestRenewPolicy" name="runScenario" time="165.470"/>
  <testcase classname="testRunner.RunnerTestRenewPolicy" name="runScenario" time="36.455"/>
  <testcase classname="testRunner.RunnerTestRenewPolicy" name="runScenario" time="36.283"/>
  <testcase classname="testRunner.RunnerTestRenewPolicy" name="runScenario" time="168.238"/>
  <testcase classname="testRunner.RunnerTestRenewPolicy" name="runScenario" time="35.951"/>
  <testcase classname="testRunner.RunnerTestRenewPolicy" name="runScenario" time="37.938"/>
  <testcase classname="testRunner.RunnerTestRenewPolicy" name="runScenario" time="165.546"/>
  <testcase classname="testRunner.RunnerTestRenewPolicy" name="runScenario" time="154.121"/>
  <testcase classname="testRunner.RunnerTestRenewPolicy" name="runScenario" time="165.539"/>
  <testcase classname="testRunner.RunnerTestRenewPolicy" name="runScenario" time="290.025"/>
  <testcase classname="testRunner.RunnerTestRenewPolicy" name="runScenario" time="165.729"/>
  <testcase classname="testRunner.RunnerTestRenewPolicy" name="runScenario" time="37.990"/>
</testsuite> <!-- testRunner.RunnerTestRenewPolicy -->
