<?xml version="1.0" encoding="UTF-8"?>
<!-- Generated by org.testng.reporters.JUnitReportReporter -->
<testsuite hostname="AUTOMATIONTEST" failures="0" tests="11" name="testRunner.RunnerTestRiskNote_DebitNote" time="2581.314" errors="0" timestamp="2026-06-23T04:35:13 EAT" skipped="0">
  <testcase classname="testRunner.RunnerTestRiskNote_DebitNote" name="runScenario" time="999.604"/>
  <testcase classname="testRunner.RunnerTestRiskNote_DebitNote" name="runScenario" time="82.179"/>
  <testcase classname="testRunner.RunnerTestRiskNote_DebitNote" name="runScenario" time="96.437"/>
  <testcase classname="testRunner.RunnerTestRiskNote_DebitNote" name="runScenario" time="81.811"/>
  <testcase classname="testRunner.RunnerTestRiskNote_DebitNote" name="runScenario" time="79.399"/>
  <testcase classname="testRunner.RunnerTestRiskNote_DebitNote" name="runScenario" time="115.715"/>
  <testcase classname="testRunner.RunnerTestRiskNote_DebitNote" name="runScenario" time="79.190"/>
  <testcase classname="testRunner.RunnerTestRiskNote_DebitNote" name="runScenario" time="75.326"/>
  <testcase classname="testRunner.RunnerTestRiskNote_DebitNote" name="runScenario" time="79.488"/>
  <testcase classname="testRunner.RunnerTestRiskNote_DebitNote" name="runScenario" time="84.803"/>
  <testcase classname="testRunner.RunnerTestRiskNote_DebitNote" name="runScenario" time="807.362"/>
</testsuite> <!-- testRunner.RunnerTestRiskNote_DebitNote -->
