<?xml version="1.0" encoding="UTF-8"?>
<!-- Generated by org.testng.reporters.JUnitReportReporter -->
<testsuite hostname="AUTOMATIONTEST" failures="0" tests="5" name="testRunner.RunnerTestFireClassIQuotation" time="422.601" errors="0" timestamp="28 Nov 2025 00:26:38 GMT">
  <testcase classname="testRunner.RunnerTestFireClassIQuotation" name="runScenario" time="83.843"/>
  <testcase classname="testRunner.RunnerTestFireClassIQuotation" name="runScenario" time="83.155"/>
  <testcase classname="testRunner.RunnerTestFireClassIQuotation" name="runScenario" time="58.077"/>
  <testcase classname="testRunner.RunnerTestFireClassIQuotation" name="runScenario" time="74.099"/>
  <testcase classname="testRunner.RunnerTestFireClassIQuotation" name="runScenario" time="123.427"/>
</testsuite> <!-- testRunner.RunnerTestFireClassIQuotation -->
