<?xml version="1.0" encoding="UTF-8"?>
<!-- Generated by org.testng.reporters.JUnitReportReporter -->
<testsuite hostname="AUTOMATIONTEST" failures="0" tests="3" name="testRunner.RunnerTestEduCareLifeInsuranceQuotation" time="2020.853" errors="0" timestamp="2026-08-05T23:26:18 GMT+03:00" skipped="0">
  <testcase classname="testRunner.RunnerTestEduCareLifeInsuranceQuotation" name="runScenario" time="188.831"/>
  <testcase classname="testRunner.RunnerTestEduCareLifeInsuranceQuotation" name="runScenario" time="171.235"/>
  <testcase classname="testRunner.RunnerTestEduCareLifeInsuranceQuotation" name="runScenario" time="1660.787"/>
</testsuite> <!-- testRunner.RunnerTestEduCareLifeInsuranceQuotation -->
