<?xml version="1.0" encoding="UTF-8"?>
<!-- Generated by org.testng.reporters.JUnitReportReporter -->
<testsuite hostname="AUTOMATIONTEST" failures="0" tests="2" name="testRunner.RunnerTestStickerAssignment" time="64.408" errors="0" timestamp="2026-04-17T14:06:31 EAT" skipped="0">
  <testcase classname="testRunner.RunnerTestStickerAssignment" name="runScenario" time="30.417"/>
  <testcase classname="testRunner.RunnerTestStickerAssignment" name="runScenario" time="33.991"/>
</testsuite> <!-- testRunner.RunnerTestStickerAssignment -->
