<?xml version="1.0" encoding="UTF-8"?>
<!-- Generated by org.testng.reporters.JUnitReportReporter -->
<testsuite hostname="AUTOMATIONTEST" failures="0" tests="5" name="testRunner.RunnerTestFidelityQuotation" time="393.285" errors="0" timestamp="4 Nov 2025 19:18:52 GMT">
  <testcase classname="testRunner.RunnerTestFidelityQuotation" name="runScenario" time="78.053"/>
  <testcase classname="testRunner.RunnerTestFidelityQuotation" name="runScenario" time="58.076"/>
  <testcase classname="testRunner.RunnerTestFidelityQuotation" name="runScenario" time="80.184"/>
  <testcase classname="testRunner.RunnerTestFidelityQuotation" name="runScenario" time="107.014"/>
  <testcase classname="testRunner.RunnerTestFidelityQuotation" name="runScenario" time="69.958"/>
</testsuite> <!-- testRunner.RunnerTestFidelityQuotation -->
