<?xml version="1.0" encoding="UTF-8"?>
<!-- Generated by org.testng.reporters.JUnitReportReporter -->
<testsuite hostname="AUTOMATIONTEST" failures="0" tests="4" name="testRunner.RunnerTestBurglaryQuotation" time="339.723" errors="0" timestamp="1 Sep 2025 17:53:51 GMT">
  <testcase classname="testRunner.RunnerTestBurglaryQuotation" name="runScenario" time="57.009"/>
  <testcase classname="testRunner.RunnerTestBurglaryQuotation" name="runScenario" time="125.267"/>
  <testcase classname="testRunner.RunnerTestBurglaryQuotation" name="runScenario" time="74.820"/>
  <testcase classname="testRunner.RunnerTestBurglaryQuotation" name="runScenario" time="82.627"/>
</testsuite> <!-- testRunner.RunnerTestBurglaryQuotation -->
