<?xml version="1.0" encoding="UTF-8"?>
<!-- Generated by org.testng.reporters.JUnitReportReporter -->
<testsuite hostname="AUTOMATIONTEST" failures="0" tests="5" name="testRunner.RunnerTestPensionQuotation" time="533.143" errors="0" timestamp="2026-02-05T01:21:56 EAT" skipped="0">
  <testcase classname="testRunner.RunnerTestPensionQuotation" name="runScenario" time="112.549"/>
  <testcase classname="testRunner.RunnerTestPensionQuotation" name="runScenario" time="134.136"/>
  <testcase classname="testRunner.RunnerTestPensionQuotation" name="runScenario" time="147.564"/>
  <testcase classname="testRunner.RunnerTestPensionQuotation" name="runScenario" time="85.358"/>
  <testcase classname="testRunner.RunnerTestPensionQuotation" name="runScenario" time="53.536"/>
</testsuite> <!-- testRunner.RunnerTestPensionQuotation -->
