<?xml version="1.0" encoding="UTF-8"?>
<testng-results ignored="0" total="1" passed="0" failed="1" skipped="0">
  <reporter-output>
  </reporter-output>
  <suite started-at="2024-05-14T12:26:26 EAT" name="Default suite" finished-at="2024-05-14T12:27:23 EAT" duration-ms="56676">
    <groups>
      <group name="cucumber">
        <method signature="AbstractTestNGCucumberTests.runScenario(io.cucumber.testng.PickleWrapper,io.cucumber.testng.FeatureWrapper)[pri:0, instance:testRunner.RunnerTestMoneyInsuranceQuotation@3d08f3f5]" name="runScenario" class="io.cucumber.testng.AbstractTestNGCucumberTests"/>
      </group> <!-- cucumber -->
    </groups>
    <test started-at="2024-05-14T12:26:26 EAT" name="Default test" finished-at="2024-05-14T12:27:23 EAT" duration-ms="56676">
      <class name="testRunner.RunnerTestMoneyInsuranceQuotation">
        <test-method is-config="true" signature="setUpClass(org.testng.ITestContext)[pri:0, instance:testRunner.RunnerTestMoneyInsuranceQuotation@3d08f3f5]" started-at="2024-05-14T12:26:26 EAT" name="setUpClass" finished-at="2024-05-14T12:26:28 EAT" duration-ms="2256" status="PASS">
          <params>
            <param index="0">
              <value>
                <![CDATA[org.testng.TestRunner@33f4c769]]>
              </value>
            </param>
          </params>
          <reporter-output>
          </reporter-output>
        </test-method> <!-- setUpClass -->
        <test-method signature="runScenario(io.cucumber.testng.PickleWrapper,io.cucumber.testng.FeatureWrapper)[pri:0, instance:testRunner.RunnerTestMoneyInsuranceQuotation@3d08f3f5]" started-at="2024-05-14T12:26:28 EAT" name="runScenario" description="Runs Cucumber Scenarios" data-provider="scenarios" finished-at="2024-05-14T12:27:22 EAT" duration-ms="54211" status="FAIL">
          <params>
            <param index="0">
              <value>
                <![CDATA["Verify user able to view TIRA Reports - Commission IncomeStatement (Monthly)[REPORT100] Report successfully"]]>
              </value>
            </param>
            <param index="1">
              <value>
                <![CDATA["Reports"]]>
              </value>
            </param>
          </params>
          <exception class="io.cucumber.java.PendingException">
            <message>
              <![CDATA[TODO: implement me]]>
            </message>
            <full-stacktrace>
              <![CDATA[io.cucumber.java.PendingException: TODO: implement me
at cucumberMap21Reports.Reports.user_select_as_monthly(Reports.java:3063)
at ✽.user select "January" as monthly(file:///C:/Users/Administrator/git/SmartPolicyBrokerPortal_TestAutomation/SmartPolicy-(Demo-Tanzania)BrokerPortal/src/test/resources/Reports/Report.feature:1810)
]]>
            </full-stacktrace>
          </exception> <!-- io.cucumber.java.PendingException -->
          <reporter-output>
          </reporter-output>
        </test-method> <!-- runScenario -->
        <test-method is-config="true" signature="tearDownClass()[pri:0, instance:testRunner.RunnerTestMoneyInsuranceQuotation@3d08f3f5]" started-at="2024-05-14T12:27:23 EAT" name="tearDownClass" finished-at="2024-05-14T12:27:23 EAT" duration-ms="121" status="PASS">
          <reporter-output>
          </reporter-output>
        </test-method> <!-- tearDownClass -->
      </class> <!-- testRunner.RunnerTestMoneyInsuranceQuotation -->
    </test> <!-- Default test -->
  </suite> <!-- Default suite -->
</testng-results>
